Arguments: 
  C:\Program Files\nodejs\node.exe C:\Users\sylvaintouchon\AppData\Roaming\npm\node_modules\yarn\bin\yarn.js

PATH: 
  C:\Program Files (x86)\Parallels\Parallels Tools\Applications;C:\Windows\system32;C:\Windows;C:\Windows\System32\Wbem;C:\Windows\System32\WindowsPowerShell\v1.0\;C:\Windows\System32\OpenSSH\;C:\Program Files\nodejs\;C:\Users\sylvaintouchon\AppData\Local\Microsoft\WindowsApps;C:\Users\sylvaintouchon\AppData\Roaming\npm

Yarn version: 
  1.13.0

Node version: 
  10.15.3

Platform: 
  win32 x64

Trace: 
  SyntaxError: Invalid value type 1:37 in C:\Users\sylvaintouchon\Documents\jquery-todo-list\.yarnrc
      at Parser.unexpected (C:\Users\sylvaintouchon\AppData\Roaming\npm\node_modules\yarn\lib\cli.js:63211:11)
      at Parser.parse (C:\Users\sylvaintouchon\AppData\Roaming\npm\node_modules\yarn\lib\cli.js:63339:16)
      at parse (C:\Users\sylvaintouchon\AppData\Roaming\npm\node_modules\yarn\lib\cli.js:63413:17)
      at module.exports.exports.default (C:\Users\sylvaintouchon\AppData\Roaming\npm\node_modules\yarn\lib\cli.js:62982:96)
      at YarnRegistry.<anonymous> (C:\Users\sylvaintouchon\AppData\Roaming\npm\node_modules\yarn\lib\cli.js:95545:64)
      at Generator.next (<anonymous>)
      at step (C:\Users\sylvaintouchon\AppData\Roaming\npm\node_modules\yarn\lib\cli.js:304:30)
      at C:\Users\sylvaintouchon\AppData\Roaming\npm\node_modules\yarn\lib\cli.js:315:13

npm manifest: 
  {
    "name": "jquery-todo-list",
    "version": "projet jquery de gestion des tâches",
    "main": "index.js",
    "author": "sylvain",
    "license": "MIT",
    "dependencies": {
      "bootstrap": "^4.3.1",
      "jquery": "^3.3.1"
    }
  }

yarn manifest: 
  No manifest

Lockfile: 
  # THIS IS AN AUTOGENERATED FILE. DO NOT EDIT THIS FILE DIRECTLY.
  # yarn lockfile v1
  
  
  bootstrap@^4.3.1:
    version "4.3.1"
    resolved "https://registry.yarnpkg.com/bootstrap/-/bootstrap-4.3.1.tgz#280ca8f610504d99d7b6b4bfc4b68cec601704ac"
    integrity sha512-rXqOmH1VilAt2DyPzluTi2blhk17bO7ef+zLLPlWvG494pDxcM234pJ8wTc/6R40UWizAIIMgxjvxZg5kmsbag==
  
  jquery@^3.3.1:
    version "3.3.1"
    resolved "https://registry.yarnpkg.com/jquery/-/jquery-3.3.1.tgz#958ce29e81c9790f31be7792df5d4d95fc57fbca"
    integrity sha512-Ubldcmxp5np52/ENotGxlLe6aGMvmF4R8S6tZjsP6Knsaxd/xp3Zrh50cG93lR6nPXyUFwzN3ZSOQI0wRJNdGg==
